<?xml version="1.0" encoding="UTF-8"?>
<!-- Generated by org.testng.reporters.JUnitReportReporter -->
<testsuite skipped="0" hostname="LAPTOP-GJJ67V0L" name="com.qa.testcases.TestAssignmemnt" tests="5" failures="0" timestamp="22 May 2020 14:55:33 GMT" time="58.724" errors="0">
  <testcase name="RegisterTest" time="17.543" classname="com.qa.testcases.TestAssignmemnt"/>
  <testcase name="LoginPageTest" time="5.190" classname="com.qa.testcases.TestAssignmemnt"/>
  <testcase name="shoppingTest" time="25.101" classname="com.qa.testcases.TestAssignmemnt"/>
  <testcase name="PaymentTest" time="8.351" classname="com.qa.testcases.TestAssignmemnt"/>
  <testcase name="OrderHistoryTest" time="2.539" classname="com.qa.testcases.TestAssignmemnt"/>
</testsuite> <!-- com.qa.testcases.TestAssignmemnt -->
