<?xml version="1.0" encoding="UTF-8"?>
<!-- Generated by org.testng.reporters.JUnitReportReporter -->
<testsuite skipped="0" hostname="LAPTOP-GJJ67V0L" name="TestMaven.TestPage.TestClass" tests="1" failures="0" timestamp="16 May 2020 10:13:08 GMT" time="10.077" errors="0">
  <testcase name="setBrowser" time="10.077" classname="TestMaven.TestPage.TestClass"/>
</testsuite> <!-- TestMaven.TestPage.TestClass -->
