<?xml version="1.0" encoding="UTF-8"?>
<!-- Generated by org.testng.reporters.JUnitReportReporter -->
<testsuite skipped="2" hostname="LAPTOP-GJJ67V0L" name="com.qa.testcases.Register" tests="5" failures="0" timestamp="18 May 2020 15:34:22 GMT" time="28.028" errors="0">
  <testcase name="LoginPageTest" time="6.786" classname="com.qa.testcases.Register"/>
  <testcase name="shoppingTest" time="16.162" classname="com.qa.testcases.Register"/>
  <testcase name="PaymentTest" time="5.080" classname="com.qa.testcases.Register"/>
  <testcase name="RegisterTest" classname="com.qa.testcases.Register">
    <skipped/>
  </testcase> <!-- RegisterTest -->
  <testcase name="OrderHistoryTest" classname="com.qa.testcases.Register">
    <skipped/>
  </testcase> <!-- OrderHistoryTest -->
</testsuite> <!-- com.qa.testcases.Register -->
